#
# A fatal error has been detected by the Java Runtime Environment:
#
#  EXCEPTION_ACCESS_VIOLATION (0xc0000005) at pc=0x5ad1b125, pid=5780, tid=1608
#
# JRE version: Java(TM) SE Runtime Environment (8.0_40-b26) (build 1.8.0_40-b26)
# Java VM: Java HotSpot(TM) Client VM (25.40-b25 mixed mode, sharing windows-x86 )
# Problematic frame:
# V  [jvm.dll+0xdb125]
#
# Failed to write core dump. Minidumps are not enabled by default on client versions of Windows
#
# If you would like to submit a bug report, please visit:
#   http://bugreport.java.com/bugreport/crash.jsp
#

---------------  T H R E A D  ---------------

Current thread (0x15866c00):  JavaThread "AWT-EventQueue-0" [_thread_in_vm, id=1608, stack(0x153b0000,0x15400000)]

siginfo: ExceptionCode=0xc0000005, reading address 0x00000000

Registers:
EAX=0x017bdbec, EBX=0x00000000, ECX=0x00000002, EDX=0x03cf21d0
ESP=0x153fe994, EBP=0x153fe9e4, ESI=0x15866c00, EDI=0x017bdbec
EIP=0x5ad1b125, EFLAGS=0x00010203

Top of Stack: (sp=0x153fe994)
0x153fe994:   15866d40 03cf21d0 017bdbe8 15866d40
0x153fe9a4:   14e15990 15866c00 15866c00 153fe9e4
0x153fe9b4:   5ac46f23 15866c00 be9bd4c6 017bdbe8
0x153fe9c4:   15866c00 14e15990 153fe9bc 153fe9c0
0x153fe9d4:   15866c00 00000000 f153be9a fffffffe
0x153fe9e4:   153fea24 60ca9a67 15866d40 017b0a50
0x153fe9f4:   00000000 153fea0c 60cabbf4 15866d40
0x153fea04:   017b0a50 00000000 00000000 00000004 

Instructions: (pc=0x5ad1b125)
0x5ad1b105:   10 e8 45 be f2 ff 83 c4 0c 5f 5e 33 c0 5b 8b e5
0x5ad1b115:   5d c2 10 00 50 53 e8 e0 b9 07 00 8b 5d 10 8b f8
0x5ad1b125:   8b 03 c7 45 e0 0e 00 00 00 8b 40 04 0f b7 48 1a
0x5ad1b135:   8b 50 08 8b 44 8a 2c 83 c4 08 50 8d 4d c4 89 7d 


Register to memory mapping:

EAX=0x017bdbec is an unknown value
EBX=0x00000000 is an unknown value
ECX=0x00000002 is an unknown value
EDX=
[error occurred during error reporting (printing register info), id 0xc0000005]

Stack: [0x153b0000,0x15400000],  sp=0x153fe994,  free space=314k
Native frames: (J=compiled Java code, j=interpreted, Vv=VM code, C=native code)
V  [jvm.dll+0xdb125]
C  [awt.dll+0x59a67]
C  [awt.dll+0x5bc64]
j  sun.awt.windows.ThemeReader.getThemeMargins(JIII)Ljava/awt/Insets;+0
j  sun.awt.windows.ThemeReader.getThemeMargins(Ljava/lang/String;III)Ljava/awt/Insets;+18
j  com.sun.java.swing.plaf.windows.XPStyle.getMargin(Ljava/awt/Component;Lcom/sun/java/swing/plaf/windows/TMSchema$Part;Lcom/sun/java/swing/plaf/windows/TMSchema$State;Lcom/sun/java/swing/plaf/windows/TMSchema$Prop;)Ljava/awt/Insets;+19
j  com.sun.java.swing.plaf.windows.WindowsInternalFrameTitlePane$WindowsTitlePaneLayout.<init>(Lcom/sun/java/swing/plaf/windows/WindowsInternalFrameTitlePane;)V+49
j  com.sun.java.swing.plaf.windows.WindowsInternalFrameTitlePane.createLayout()Ljava/awt/LayoutManager;+5
j  javax.swing.plaf.basic.BasicInternalFrameTitlePane.installTitlePane()V+23
j  javax.swing.plaf.basic.BasicInternalFrameTitlePane.<init>(Ljavax/swing/JInternalFrame;)V+10
j  com.sun.java.swing.plaf.windows.WindowsInternalFrameTitlePane.<init>(Ljavax/swing/JInternalFrame;)V+2
j  com.sun.java.swing.plaf.windows.WindowsDesktopIconUI.installComponents()V+9
j  javax.swing.plaf.basic.BasicDesktopIconUI.installUI(Ljavax/swing/JComponent;)V+24
j  com.sun.java.swing.plaf.windows.WindowsDesktopIconUI.installUI(Ljavax/swing/JComponent;)V+2
j  javax.swing.JComponent.setUI(Ljavax/swing/plaf/ComponentUI;)V+39
j  javax.swing.JInternalFrame$JDesktopIcon.setUI(Ljavax/swing/plaf/DesktopIconUI;)V+2
j  javax.swing.JInternalFrame$JDesktopIcon.updateUI()V+21
j  javax.swing.JInternalFrame$JDesktopIcon.<init>(Ljavax/swing/JInternalFrame;)V+15
j  javax.swing.JInternalFrame.<init>(Ljava/lang/String;ZZZZ)V+101
j  javax.swing.JInternalFrame.<init>()V+7
j  org.hicham.View.RegisterView.<init>()V+1
j  org.hicham.Main.Main.showInterface()V+63
j  org.hicham.Main.Main$2.run()V+3
j  java.awt.event.InvocationEvent.dispatch()V+47
j  java.awt.EventQueue.dispatchEventImpl(Ljava/awt/AWTEvent;Ljava/lang/Object;)V+21
j  java.awt.EventQueue.access$500(Ljava/awt/EventQueue;Ljava/awt/AWTEvent;Ljava/lang/Object;)V+3
j  java.awt.EventQueue$3.run()Ljava/lang/Void;+32
j  java.awt.EventQueue$3.run()Ljava/lang/Object;+1
v  ~StubRoutines::call_stub
V  [jvm.dll+0x155c05]
V  [jvm.dll+0x21b0be]
V  [jvm.dll+0x155c9e]
V  [jvm.dll+0x106eaf]
C  [java.dll+0x102f]
j  java.security.ProtectionDomain$1.doIntersectionPrivilege(Ljava/security/PrivilegedAction;Ljava/security/AccessControlContext;Ljava/security/AccessControlContext;)Ljava/lang/Object;+28
j  java.awt.EventQueue.dispatchEvent(Ljava/awt/AWTEvent;)V+46
j  java.awt.EventDispatchThread.pumpOneEventForFilters(I)V+245
j  java.awt.EventDispatchThread.pumpEventsForFilter(ILjava/awt/Conditional;Ljava/awt/EventFilter;)V+35
j  java.awt.EventDispatchThread.pumpEventsForHierarchy(ILjava/awt/Conditional;Ljava/awt/Component;)V+11
j  java.awt.EventDispatchThread.pumpEvents(ILjava/awt/Conditional;)V+4
j  java.awt.EventDispatchThread.pumpEvents(Ljava/awt/Conditional;)V+3
j  java.awt.EventDispatchThread.run()V+9
v  ~StubRoutines::call_stub
V  [jvm.dll+0x155c05]
V  [jvm.dll+0x21b0be]
V  [jvm.dll+0x155c9e]
V  [jvm.dll+0x155e26]
V  [jvm.dll+0x155e97]
V  [jvm.dll+0xfafaf]
V  [jvm.dll+0x178f3c]
V  [jvm.dll+0x17902a]
V  [jvm.dll+0x1bd616]
C  [msvcr100.dll+0x5c556]
C  [msvcr100.dll+0x5c600]
C  [kernel32.dll+0x53c45]
C  [ntdll.dll+0x637eb]
C  [ntdll.dll+0x637be]
C  0x00000000

Java frames: (J=compiled Java code, j=interpreted, Vv=VM code)
j  sun.awt.windows.ThemeReader.getThemeMargins(JIII)Ljava/awt/Insets;+0
j  sun.awt.windows.ThemeReader.getThemeMargins(Ljava/lang/String;III)Ljava/awt/Insets;+18
j  com.sun.java.swing.plaf.windows.XPStyle.getMargin(Ljava/awt/Component;Lcom/sun/java/swing/plaf/windows/TMSchema$Part;Lcom/sun/java/swing/plaf/windows/TMSchema$State;Lcom/sun/java/swing/plaf/windows/TMSchema$Prop;)Ljava/awt/Insets;+19
j  com.sun.java.swing.plaf.windows.WindowsInternalFrameTitlePane$WindowsTitlePaneLayout.<init>(Lcom/sun/java/swing/plaf/windows/WindowsInternalFrameTitlePane;)V+49
j  com.sun.java.swing.plaf.windows.WindowsInternalFrameTitlePane.createLayout()Ljava/awt/LayoutManager;+5
j  javax.swing.plaf.basic.BasicInternalFrameTitlePane.installTitlePane()V+23
j  javax.swing.plaf.basic.BasicInternalFrameTitlePane.<init>(Ljavax/swing/JInternalFrame;)V+10
j  com.sun.java.swing.plaf.windows.WindowsInternalFrameTitlePane.<init>(Ljavax/swing/JInternalFrame;)V+2
j  com.sun.java.swing.plaf.windows.WindowsDesktopIconUI.installComponents()V+9
j  javax.swing.plaf.basic.BasicDesktopIconUI.installUI(Ljavax/swing/JComponent;)V+24
j  com.sun.java.swing.plaf.windows.WindowsDesktopIconUI.installUI(Ljavax/swing/JComponent;)V+2
j  javax.swing.JComponent.setUI(Ljavax/swing/plaf/ComponentUI;)V+39
j  javax.swing.JInternalFrame$JDesktopIcon.setUI(Ljavax/swing/plaf/DesktopIconUI;)V+2
j  javax.swing.JInternalFrame$JDesktopIcon.updateUI()V+21
j  javax.swing.JInternalFrame$JDesktopIcon.<init>(Ljavax/swing/JInternalFrame;)V+15
j  javax.swing.JInternalFrame.<init>(Ljava/lang/String;ZZZZ)V+101
j  javax.swing.JInternalFrame.<init>()V+7
j  org.hicham.View.RegisterView.<init>()V+1
j  org.hicham.Main.Main.showInterface()V+63
j  org.hicham.Main.Main$2.run()V+3
j  java.awt.event.InvocationEvent.dispatch()V+47
j  java.awt.EventQueue.dispatchEventImpl(Ljava/awt/AWTEvent;Ljava/lang/Object;)V+21
j  java.awt.EventQueue.access$500(Ljava/awt/EventQueue;Ljava/awt/AWTEvent;Ljava/lang/Object;)V+3
j  java.awt.EventQueue$3.run()Ljava/lang/Void;+32
j  java.awt.EventQueue$3.run()Ljava/lang/Object;+1
v  ~StubRoutines::call_stub
j  java.security.AccessController.doPrivileged(Ljava/security/PrivilegedAction;Ljava/security/AccessControlContext;)Ljava/lang/Object;+0
j  java.security.ProtectionDomain$1.doIntersectionPrivilege(Ljava/security/PrivilegedAction;Ljava/security/AccessControlContext;Ljava/security/AccessControlContext;)Ljava/lang/Object;+28
j  java.awt.EventQueue.dispatchEvent(Ljava/awt/AWTEvent;)V+46
j  java.awt.EventDispatchThread.pumpOneEventForFilters(I)V+245
j  java.awt.EventDispatchThread.pumpEventsForFilter(ILjava/awt/Conditional;Ljava/awt/EventFilter;)V+35
j  java.awt.EventDispatchThread.pumpEventsForHierarchy(ILjava/awt/Conditional;Ljava/awt/Component;)V+11
j  java.awt.EventDispatchThread.pumpEvents(ILjava/awt/Conditional;)V+4
j  java.awt.EventDispatchThread.pumpEvents(Ljava/awt/Conditional;)V+3
j  java.awt.EventDispatchThread.run()V+9
v  ~StubRoutines::call_stub

---------------  P R O C E S S  ---------------

Java Threads: ( => current thread )
  0x018fc800 JavaThread "DestroyJavaVM" [_thread_blocked, id=864, stack(0x00130000,0x00180000)]
=>0x15866c00 JavaThread "AWT-EventQueue-0" [_thread_in_vm, id=1608, stack(0x153b0000,0x15400000)]
  0x1585c000 JavaThread "AWT-Windows" daemon [_thread_in_native, id=4508, stack(0x018a0000,0x018f0000)]
  0x1585b800 JavaThread "AWT-Shutdown" [_thread_blocked, id=5368, stack(0x15420000,0x15470000)]
  0x15859000 JavaThread "Java2D Disposer" daemon [_thread_blocked, id=724, stack(0x14f60000,0x14fb0000)]
  0x0187a000 JavaThread "Thread-0" [_thread_in_native, id=4876, stack(0x15280000,0x152d0000)]
  0x0184bc00 JavaThread "Service Thread" daemon [_thread_blocked, id=4408, stack(0x15000000,0x15050000)]
  0x017cd000 JavaThread "C1 CompilerThread0" daemon [_thread_blocked, id=692, stack(0x14990000,0x149e0000)]
  0x017cb800 JavaThread "Attach Listener" daemon [_thread_blocked, id=3356, stack(0x148c0000,0x14910000)]
  0x017c6400 JavaThread "Signal Dispatcher" daemon [_thread_blocked, id=5760, stack(0x13d00000,0x13d50000)]
  0x017b9c00 JavaThread "Finalizer" daemon [_thread_blocked, id=2896, stack(0x14870000,0x148c0000)]
  0x017b5000 JavaThread "Reference Handler" daemon [_thread_blocked, id=3260, stack(0x14810000,0x14860000)]

Other Threads:
  0x017b3c00 VMThread [stack: 0x13d60000,0x13db0000] [id=2160]
  0x01855400 WatcherThread [stack: 0x14930000,0x14980000] [id=1720]

VM state:not at safepoint (normal execution)

VM Mutex/Monitor currently owned by a thread: None

Heap:
 def new generation   total 4928K, used 2331K [0x03c00000, 0x04150000, 0x09150000)
  eden space 4416K,  41% used [0x03c00000, 0x03dc6e20, 0x04050000)
  from space 512K, 100% used [0x040d0000, 0x04150000, 0x04150000)
  to   space 512K,   0% used [0x04050000, 0x04050000, 0x040d0000)
 tenured generation   total 10944K, used 1524K [0x09150000, 0x09c00000, 0x13c00000)
   the space 10944K,  13% used [0x09150000, 0x092cd120, 0x092cd200, 0x09c00000)
 Metaspace       used 1856K, capacity 3346K, committed 3392K, reserved 4480K

Card table byte_map: [0x13c00000,0x13c90000] byte_map_base: 0x13be2000

Polling page: 0x00190000

CodeCache: size=32768Kb used=964Kb max_used=964Kb free=31803Kb
 bounds [0x01bd0000, 0x01cc8000, 0x03bd0000]
 total_blobs=390 nmethods=201 adapters=121
 compilation: enabled

Compilation events (10 events):
Event: 0.387 Thread 0x017cd000  187             java.nio.ByteBufferAsShortBufferB::ix (9 bytes)
Event: 0.387 Thread 0x017cd000 nmethod 187 0x01cbca08 code [0x01cbcb00, 0x01cbcb80]
Event: 0.387 Thread 0x017cd000  188             java.util.zip.ZipCoder::encoder (35 bytes)
Event: 0.387 Thread 0x017cd000 nmethod 188 0x01cbcbc8 code [0x01cbccd0, 0x01cbcdbc]
Event: 0.387 Thread 0x017cd000  189             java.nio.charset.CharsetEncoder::reset (11 bytes)
Event: 0.387 Thread 0x017cd000 nmethod 189 0x01cbce48 code [0x01cbcf40, 0x01cbcfc0]
Event: 0.387 Thread 0x017cd000  190             java.nio.charset.CharsetEncoder::implReset (1 bytes)
Event: 0.387 Thread 0x017cd000 nmethod 190 0x01cbd008 code [0x01cbd100, 0x01cbd180]
Event: 0.387 Thread 0x017cd000  191             java.nio.charset.CharsetEncoder::maxBytesPerChar (5 bytes)
Event: 0.387 Thread 0x017cd000 nmethod 191 0x01cbd1c8 code [0x01cbd2c0, 0x01cbd340]

GC Heap History (10 events):
Event: 0.125 GC heap before
{Heap before GC invocations=0 (full 0):
 def new generation   total 4928K, used 4404K [0x03c00000, 0x04150000, 0x09150000)
  eden space 4416K,  99% used [0x03c00000, 0x0404d338, 0x04050000)
  from space 512K,   0% used [0x04050000, 0x04050000, 0x040d0000)
  to   space 512K,   0% used [0x040d0000, 0x040d0000, 0x04150000)
 tenured generation   total 10944K, used 0K [0x09150000, 0x09c00000, 0x13c00000)
   the space 10944K,   0% used [0x09150000, 0x09150000, 0x09150200, 0x09c00000)
 Metaspace       used 76K, capacity 2280K, committed 2368K, reserved 4480K
Event: 0.128 GC heap after
Heap after GC invocations=1 (full 0):
 def new generation   total 4928K, used 512K [0x03c00000, 0x04150000, 0x09150000)
  eden space 4416K,   0% used [0x03c00000, 0x03c00000, 0x04050000)
  from space 512K, 100% used [0x040d0000, 0x04150000, 0x04150000)
  to   space 512K,   0% used [0x04050000, 0x04050000, 0x040d0000)
 tenured generation   total 10944K, used 114K [0x09150000, 0x09c00000, 0x13c00000)
   the space 10944K,   1% used [0x09150000, 0x0916cb68, 0x0916cc00, 0x09c00000)
 Metaspace       used 76K, capacity 2280K, committed 2368K, reserved 4480K
}
Event: 0.132 GC heap before
{Heap before GC invocations=1 (full 0):
 def new generation   total 4928K, used 4924K [0x03c00000, 0x04150000, 0x09150000)
  eden space 4416K,  99% used [0x03c00000, 0x0404f038, 0x04050000)
  from space 512K, 100% used [0x040d0000, 0x04150000, 0x04150000)
  to   space 512K,   0% used [0x04050000, 0x04050000, 0x040d0000)
 tenured generation   total 10944K, used 114K [0x09150000, 0x09c00000, 0x13c00000)
   the space 10944K,   1% used [0x09150000, 0x0916cb68, 0x0916cc00, 0x09c00000)
 Metaspace       used 77K, capacity 2280K, committed 2368K, reserved 4480K
Event: 0.134 GC heap after
Heap after GC invocations=2 (full 0):
 def new generation   total 4928K, used 36K [0x03c00000, 0x04150000, 0x09150000)
  eden space 4416K,   0% used [0x03c00000, 0x03c00000, 0x04050000)
  from space 512K,   7% used [0x04050000, 0x04059168, 0x040d0000)
  to   space 512K,   0% used [0x040d0000, 0x040d0000, 0x04150000)
 tenured generation   total 10944K, used 605K [0x09150000, 0x09c00000, 0x13c00000)
   the space 10944K,   5% used [0x09150000, 0x091e76b0, 0x091e7800, 0x09c00000)
 Metaspace       used 77K, capacity 2280K, committed 2368K, reserved 4480K
}
Event: 0.142 GC heap before
{Heap before GC invocations=2 (full 0):
 def new generation   total 4928K, used 4424K [0x03c00000, 0x04150000, 0x09150000)
  eden space 4416K,  99% used [0x03c00000, 0x04049260, 0x04050000)
  from space 512K,   7% used [0x04050000, 0x04059168, 0x040d0000)
  to   space 512K,   0% used [0x040d0000, 0x040d0000, 0x04150000)
 tenured generation   total 10944K, used 605K [0x09150000, 0x09c00000, 0x13c00000)
   the space 10944K,   5% used [0x09150000, 0x091e76b0, 0x091e7800, 0x09c00000)
 Metaspace       used 87K, capacity 2280K, committed 2368K, reserved 4480K
Event: 0.143 GC heap after
Heap after GC invocations=3 (full 0):
 def new generation   total 4928K, used 58K [0x03c00000, 0x04150000, 0x09150000)
  eden space 4416K,   0% used [0x03c00000, 0x03c00000, 0x04050000)
  from space 512K,  11% used [0x040d0000, 0x040de970, 0x04150000)
  to   space 512K,   0% used [0x04050000, 0x04050000, 0x040d0000)
 tenured generation   total 10944K, used 605K [0x09150000, 0x09c00000, 0x13c00000)
   the space 10944K,   5% used [0x09150000, 0x091e76b0, 0x091e7800, 0x09c00000)
 Metaspace       used 87K, capacity 2280K, committed 2368K, reserved 4480K
}
Event: 0.207 GC heap before
{Heap before GC invocations=3 (full 0):
 def new generation   total 4928K, used 4474K [0x03c00000, 0x04150000, 0x09150000)
  eden space 4416K, 100% used [0x03c00000, 0x04050000, 0x04050000)
  from space 512K,  11% used [0x040d0000, 0x040de970, 0x04150000)
  to   space 512K,   0% used [0x04050000, 0x04050000, 0x040d0000)
 tenured generation   total 10944K, used 605K [0x09150000, 0x09c00000, 0x13c00000)
   the space 10944K,   5% used [0x09150000, 0x091e76b0, 0x091e7800, 0x09c00000)
 Metaspace       used 666K, capacity 2615K, committed 2624K, reserved 4480K
Event: 0.209 GC heap after
Heap after GC invocations=4 (full 0):
 def new generation   total 4928K, used 511K [0x03c00000, 0x04150000, 0x09150000)
  eden space 4416K,   0% used [0x03c00000, 0x03c00000, 0x04050000)
  from space 512K,  99% used [0x04050000, 0x040cfff8, 0x040d0000)
  to   space 512K,   0% used [0x040d0000, 0x040d0000, 0x04150000)
 tenured generation   total 10944K, used 731K [0x09150000, 0x09c00000, 0x13c00000)
   the space 10944K,   6% used [0x09150000, 0x09206c98, 0x09206e00, 0x09c00000)
 Metaspace       used 666K, capacity 2615K, committed 2624K, reserved 4480K
}
Event: 0.346 GC heap before
{Heap before GC invocations=4 (full 0):
 def new generation   total 4928K, used 4927K [0x03c00000, 0x04150000, 0x09150000)
  eden space 4416K, 100% used [0x03c00000, 0x04050000, 0x04050000)
  from space 512K,  99% used [0x04050000, 0x040cfff8, 0x040d0000)
  to   space 512K,   0% used [0x040d0000, 0x040d0000, 0x04150000)
 tenured generation   total 10944K, used 731K [0x09150000, 0x09c00000, 0x13c00000)
   the space 10944K,   6% used [0x09150000, 0x09206c98, 0x09206e00, 0x09c00000)
 Metaspace       used 1485K, capacity 3122K, committed 3136K, reserved 4480K
Event: 0.351 GC heap after
Heap after GC invocations=5 (full 0):
 def new generation   total 4928K, used 512K [0x03c00000, 0x04150000, 0x09150000)
  eden space 4416K,   0% used [0x03c00000, 0x03c00000, 0x04050000)
  from space 512K, 100% used [0x040d0000, 0x04150000, 0x04150000)
  to   space 512K,   0% used [0x04050000, 0x04050000, 0x040d0000)
 tenured generation   total 10944K, used 1524K [0x09150000, 0x09c00000, 0x13c00000)
   the space 10944K,  13% used [0x09150000, 0x092cd120, 0x092cd200, 0x09c00000)
 Metaspace       used 1485K, capacity 3122K, committed 3136K, reserved 4480K
}

Deoptimization events (0 events):
No events

Internal exceptions (10 events):
Event: 0.027 Thread 0x018fc800 Exception <a 'java/lang/NoSuchMethodError': Method sun.misc.Unsafe.defineClass(Ljava/lang/String;[BII)Ljava/lang/Class; name or signature does not match> (0x03c0ca60) thrown at [C:\re\workspace\8-2-build-windows-i586-cygwin\jdk8u40\3098\hotspot\src\share\v%)­>œ?
Event: 0.028 Thread 0x018fc800 Exception <a 'java/lang/NoSuchMethodError': Method sun.misc.Unsafe.prefetchRead(Ljava/lang/Object;J)V name or signature does not match> (0x03c0cce0) thrown at [C:\re\workspace\8-2-build-windows-i586-cygwin\jdk8u40\3098\hotspot\src\share\vm\prims\jni.cpp, lúš#˜•À?
Event: 0.130 Thread 0x018fc800 Exception <a 'java/security/PrivilegedActionException'> (0x03c20c50) thrown at [C:\re\workspace\8-2-build-windows-i586-cygwin\jdk8u40\3098\hotspot\src\share\vm\prims\jvm.cpp, line 1382]
Event: 0.130 Thread 0x018fc800 Exception <a 'java/security/PrivilegedActionException'> (0x03c20e00) thrown at [C:\re\workspace\8-2-build-windows-i586-cygwin\jdk8u40\3098\hotspot\src\share\vm\prims\jvm.cpp, line 1382]
Event: 0.131 Thread 0x018fc800 Exception <a 'java/security/PrivilegedActionException'> (0x03c24480) thrown at [C:\re\workspace\8-2-build-windows-i586-cygwin\jdk8u40\3098\hotspot\src\share\vm\prims\jvm.cpp, line 1382]
Event: 0.131 Thread 0x018fc800 Exception <a 'java/security/PrivilegedActionException'> (0x03c24630) thrown at [C:\re\workspace\8-2-build-windows-i586-cygwin\jdk8u40\3098\hotspot\src\share\vm\prims\jvm.cpp, line 1382]
Event: 0.138 Thread 0x018fc800 Exception <a 'java/io/FileNotFoundException'> (0x03c09ec0) thrown at [C:\re\workspace\8-2-build-windows-i586-cygwin\jdk8u40\3098\hotspot\src\share\vm\prims\jni.cpp, line 709]
Event: 0.229 Thread 0x018fc800 Exception <a 'java/lang/NoSuchFieldError': method resolution failed> (0x03cb39c0) thrown at [C:\re\workspace\8-2-build-windows-i586-cygwin\jdk8u40\3098\hotspot\src\share\vm\prims\methodHandles.cpp, line 1125]
Event: 0.231 Thread 0x018fc800 Exception <a 'java/lang/NoSuchFieldError': method resolution failed> (0x03cc14a8) thrown at [C:\re\workspace\8-2-build-windows-i586-cygwin\jdk8u40\3098\hotspot\src\share\vm\prims\methodHandles.cpp, line 1125]
Event: 0.295 Thread 0x15866c00 Exception <a 'java/io/FileNotFoundException'> (0x03ec98c0) thrown at [C:\re\workspace\8-2-build-windows-i586-cygwin\jdk8u40\3098\hotspot\src\share\vm\prims\jni.cpp, line 709]

Events (10 events):
Event: 0.389 loading class javax/swing/plaf/basic/BasicInternalFrameTitlePane$SizeAction
Event: 0.389 loading class javax/swing/plaf/basic/BasicInternalFrameTitlePane$SizeAction done
Event: 0.390 loading class javax/swing/plaf/basic/BasicInternalFrameTitlePane$ShowSystemMenuAction
Event: 0.390 loading class javax/swing/plaf/basic/BasicInternalFrameTitlePane$ShowSystemMenuAction done
Event: 0.390 loading class com/sun/java/swing/plaf/windows/WindowsInternalFrameTitlePane$WindowsTitlePaneLayout
Event: 0.390 loading class org/hibernate/type/descriptor/sql/ClobTypeDescriptor$4$1
Event: 0.390 loading class org/hibernate/type/descriptor/sql/ClobTypeDescriptor$4$1 done
Event: 0.390 loading class javax/swing/plaf/basic/BasicInternalFrameTitlePane$TitlePaneLayout
Event: 0.390 loading class javax/swing/plaf/basic/BasicInternalFrameTitlePane$TitlePaneLayout done
Event: 0.390 loading class com/sun/java/swing/plaf/windows/WindowsInternalFrameTitlePane$WindowsTitlePaneLayout done


Dynamic libraries:
0x01240000 - 0x01273000 	C:\Program Files\Java\jre1.8.0_40\bin\javaw.exe
0x77550000 - 0x7768c000 	C:\Windows\SYSTEM32\ntdll.dll
0x76c90000 - 0x76d64000 	C:\Windows\system32\kernel32.dll
0x759a0000 - 0x759ea000 	C:\Windows\system32\KERNELBASE.dll
0x773a0000 - 0x77440000 	C:\Windows\system32\ADVAPI32.dll
0x776d0000 - 0x7777c000 	C:\Windows\system32\msvcrt.dll
0x776b0000 - 0x776c9000 	C:\Windows\SYSTEM32\sechost.dll
0x75e30000 - 0x75ed1000 	C:\Windows\system32\RPCRT4.dll
0x77090000 - 0x77159000 	C:\Windows\system32\USER32.dll
0x771f0000 - 0x7723e000 	C:\Windows\system32\GDI32.dll
0x75a70000 - 0x75a7a000 	C:\Windows\system32\LPK.dll
0x75ae0000 - 0x75b7d000 	C:\Windows\system32\USP10.dll
0x74680000 - 0x7481e000 	C:\Windows\WinSxS\x86_microsoft.windows.common-controls_6595b64144ccf1df_6.0.7601.17514_none_41e6975e2bd6f2b2\COMCTL32.dll
0x76d70000 - 0x76dc7000 	C:\Windows\system32\SHLWAPI.dll
0x75dd0000 - 0x75def000 	C:\Windows\system32\IMM32.DLL
0x77240000 - 0x7730c000 	C:\Windows\system32\MSCTF.dll
0x60e00000 - 0x60ebf000 	C:\Program Files\Java\jre1.8.0_40\bin\msvcr100.dll
0x5ac40000 - 0x5b000000 	C:\Program Files\Java\jre1.8.0_40\bin\client\jvm.dll
0x69e00000 - 0x69e07000 	C:\Windows\system32\WSOCK32.dll
0x75d90000 - 0x75dc5000 	C:\Windows\system32\WS2_32.dll
0x77690000 - 0x77696000 	C:\Windows\system32\NSI.dll
0x73990000 - 0x739c2000 	C:\Windows\system32\WINMM.dll
0x74a30000 - 0x74a39000 	C:\Windows\system32\VERSION.dll
0x776a0000 - 0x776a5000 	C:\Windows\system32\PSAPI.DLL
0x73000000 - 0x7300c000 	C:\Program Files\Java\jre1.8.0_40\bin\verify.dll
0x64fd0000 - 0x64ff1000 	C:\Program Files\Java\jre1.8.0_40\bin\java.dll
0x65160000 - 0x65173000 	C:\Program Files\Java\jre1.8.0_40\bin\zip.dll
0x75ee0000 - 0x76b2a000 	C:\Windows\system32\SHELL32.dll
0x76b30000 - 0x76c8c000 	C:\Windows\system32\ole32.dll
0x756f0000 - 0x756fb000 	C:\Windows\system32\profapi.dll
0x60c50000 - 0x60d95000 	C:\Program Files\Java\jre1.8.0_40\bin\awt.dll
0x77310000 - 0x7739f000 	C:\Windows\system32\OLEAUT32.dll
0x74450000 - 0x74490000 	C:\Windows\system32\uxtheme.dll
0x74120000 - 0x74133000 	C:\Windows\system32\dwmapi.dll
0x75670000 - 0x7567c000 	C:\Windows\system32\CRYPTBASE.dll
0x64a60000 - 0x64a99000 	C:\Program Files\Java\jre1.8.0_40\bin\fontmanager.dll
0x728b0000 - 0x728c5000 	C:\Program Files\Java\jre1.8.0_40\bin\net.dll
0x75130000 - 0x7516c000 	C:\Windows\system32\mswsock.dll
0x75120000 - 0x75126000 	C:\Windows\System32\wship6.dll
0x73940000 - 0x7394f000 	C:\Program Files\Java\jre1.8.0_40\bin\nio.dll
0x6a780000 - 0x6a86b000 	C:\Windows\system32\dbghelp.dll

VM Arguments:
jvm_args: -Dfile.encoding=UTF-8 
java_command: org.hicham.Main.Main
java_class_path (initial): C:\Users\Hicham\workspace\GestionDentaire\bin;C:\Users\Hicham\workspace\GestionDentaire\lib\swingx-core-1.6.2-AutoCompletition.jar;C:\Users\Hicham\workspace\GestionDentaire\lib\antlr-2.7.7.jar;C:\Users\Hicham\workspace\GestionDentaire\lib\dom4j-1.6.1.jar;C:\Users\Hicham\workspace\GestionDentaire\lib\hibernate-commons-annotations-4.0.5.Final.jar;C:\Users\Hicham\workspace\GestionDentaire\lib\hibernate-core-4.3.10.Final.jar;C:\Users\Hicham\workspace\GestionDentaire\lib\hibernate-entitymanager-4.3.10.Final.jar;C:\Users\Hicham\workspace\GestionDentaire\lib\hibernate-jpa-2.1-api-1.0.0.Final.jar;C:\Users\Hicham\workspace\GestionDentaire\lib\jandex-1.1.0.Final.jar;C:\Users\Hicham\workspace\GestionDentaire\lib\javassist-3.18.1-GA.jar;C:\Users\Hicham\workspace\GestionDentaire\lib\jboss-logging-3.1.3.GA.jar;C:\Users\Hicham\workspace\GestionDentaire\lib\jboss-logging-annotations-1.2.0.Beta1.jar;C:\Users\Hicham\workspace\GestionDentaire\lib\jboss-transaction-api_1.2_spec-1.0.0.Final.jar;C:\Users\Hicham\workspace\GestionDentaire\lib\postgresql-9.4.1211.jar;C:\Users\Hicham\workspace\GestionDentaire\lib\swingx-all-1.6.4.jar;C:\Users\Hicham\workspace\GestionDentaire\lib\jasperreports.jar
Launcher Type: SUN_STANDARD

Environment Variables:
JAVA_HOME=C:\Program Files\Java\jdk1.8.0_40
PATH=C:/Program Files/Java/jre1.8.0_40/bin/client;C:/Program Files/Java/jre1.8.0_40/bin;C:/Program Files/Java/jre1.8.0_40/lib/i386;C:\ProgramData\Oracle\Java\javapath;C:\Windows\system32;C:\Windows;C:\Windows\System32\Wbem;C:\Windows\System32\WindowsPowerShell\v1.0\;C:\Program Files\Git\cmd;C:\Program Files\Common Files\Seagate\SnapAPI\;C:\Program Files\Universal Extractor;C:\Program Files\Universal Extractor\bin;C:\Program Files\scala\bin;C:\Program Files\Microsoft SQL Server\120\Tools\Binn\;C:\Program Files\Microsoft SQL Server\Client SDK\ODBC\110\Tools\Binn\;C:\Program Files\Microsoft SQL Server\120\DTS\Binn\;C:\Program Files\Microsoft SQL Server\120\Tools\Binn\ManagementStudio\;C:\Program Files\Skype\Phone\;C:\Program Files\MySQL\MySQL Utilities 1.6\;;C:\Program Files\Java\jdk1.8.0_40\bin;C:\Ant\apache-ant-1.9.7\\bin;;C:\Users\Hicham\Desktop\eclipse;
USERNAME=Hicham
OS=Windows_NT
PROCESSOR_IDENTIFIER=x86 Family 6 Model 23 Stepping 10, GenuineIntel



---------------  S Y S T E M  ---------------

OS: Windows 7 Build 7601 (6.1.7601.17514)

CPU:total 2 (2 cores per cpu, 1 threads per core) family 6 model 23 stepping 10, cmov, cx8, fxsr, mmx, sse, sse2, sse3, ssse3, sse4.1, tsc

Memory: 4k page, physical 2097152k(369064k free), swap 4857576k(1960100k free)

vm_info: Java HotSpot(TM) Client VM (25.40-b25) for windows-x86 JRE (1.8.0_40-b26), built on Mar  7 2015 13:51:08 by "java_re" with MS VC++ 10.0 (VS2010)

time: Sun Jan 15 00:28:19 2017
elapsed time: 0 seconds (0d 0h 0m 0s)

