#
# A fatal error has been detected by the Java Runtime Environment:
#
#  EXCEPTION_ACCESS_VIOLATION (0xc0000005) at pc=0x5ad1b125, pid=2568, tid=4280
#
# JRE version: Java(TM) SE Runtime Environment (8.0_40-b26) (build 1.8.0_40-b26)
# Java VM: Java HotSpot(TM) Client VM (25.40-b25 mixed mode, sharing windows-x86 )
# Problematic frame:
# V  [jvm.dll+0xdb125]
#
# Failed to write core dump. Minidumps are not enabled by default on client versions of Windows
#
# If you would like to submit a bug report, please visit:
#   http://bugreport.java.com/bugreport/crash.jsp
#

---------------  T H R E A D  ---------------

Current thread (0x15870400):  JavaThread "AWT-EventQueue-0" [_thread_in_vm, id=4280, stack(0x149a0000,0x149f0000)]

siginfo: ExceptionCode=0xc0000005, reading address 0x00000000

Registers:
EAX=0x0194d96c, EBX=0x00000000, ECX=0x00000002, EDX=0x04074c50
ESP=0x149ee9e4, EBP=0x149eea34, ESI=0x15870400, EDI=0x0194d96c
EIP=0x5ad1b125, EFLAGS=0x00010203

Top of Stack: (sp=0x149ee9e4)
0x149ee9e4:   15870540 04074c50 0194d968 15870540
0x149ee9f4:   14e15990 15870400 15870400 149eea34
0x149eea04:   5ac46f23 15870400 734b9413 0194d968
0x149eea14:   15870400 14e15990 149eea0c 149eea10
0x149eea24:   15870400 00000000 3d22fd9f fffffffe
0x149eea34:   149eea74 60ca9a67 15870540 01940a50
0x149eea44:   00000000 149eea5c 60cabbf4 15870540
0x149eea54:   01940a50 00000000 00000000 00000004 

Instructions: (pc=0x5ad1b125)
0x5ad1b105:   10 e8 45 be f2 ff 83 c4 0c 5f 5e 33 c0 5b 8b e5
0x5ad1b115:   5d c2 10 00 50 53 e8 e0 b9 07 00 8b 5d 10 8b f8
0x5ad1b125:   8b 03 c7 45 e0 0e 00 00 00 8b 40 04 0f b7 48 1a
0x5ad1b135:   8b 50 08 8b 44 8a 2c 83 c4 08 50 8d 4d c4 89 7d 


Register to memory mapping:

EAX=0x0194d96c is an unknown value
EBX=0x00000000 is an unknown value
ECX=0x00000002 is an unknown value
EDX=
[error occurred during error reporting (printing register info), id 0xc0000005]

Stack: [0x149a0000,0x149f0000],  sp=0x149ee9e4,  free space=314k
Native frames: (J=compiled Java code, j=interpreted, Vv=VM code, C=native code)
V  [jvm.dll+0xdb125]
C  [awt.dll+0x59a67]
C  [awt.dll+0x5bc64]
j  sun.awt.windows.ThemeReader.getThemeMargins(JIII)Ljava/awt/Insets;+0
j  sun.awt.windows.ThemeReader.getThemeMargins(Ljava/lang/String;III)Ljava/awt/Insets;+18
j  com.sun.java.swing.plaf.windows.XPStyle.getMargin(Ljava/awt/Component;Lcom/sun/java/swing/plaf/windows/TMSchema$Part;Lcom/sun/java/swing/plaf/windows/TMSchema$State;Lcom/sun/java/swing/plaf/windows/TMSchema$Prop;)Ljava/awt/Insets;+19
j  com.sun.java.swing.plaf.windows.WindowsInternalFrameTitlePane$WindowsTitlePaneLayout.<init>(Lcom/sun/java/swing/plaf/windows/WindowsInternalFrameTitlePane;)V+49
j  com.sun.java.swing.plaf.windows.WindowsInternalFrameTitlePane.createLayout()Ljava/awt/LayoutManager;+5
j  javax.swing.plaf.basic.BasicInternalFrameTitlePane.installTitlePane()V+23
j  javax.swing.plaf.basic.BasicInternalFrameTitlePane.<init>(Ljavax/swing/JInternalFrame;)V+10
j  com.sun.java.swing.plaf.windows.WindowsInternalFrameTitlePane.<init>(Ljavax/swing/JInternalFrame;)V+2
j  com.sun.java.swing.plaf.windows.WindowsDesktopIconUI.installComponents()V+9
j  javax.swing.plaf.basic.BasicDesktopIconUI.installUI(Ljavax/swing/JComponent;)V+24
j  com.sun.java.swing.plaf.windows.WindowsDesktopIconUI.installUI(Ljavax/swing/JComponent;)V+2
j  javax.swing.JComponent.setUI(Ljavax/swing/plaf/ComponentUI;)V+39
j  javax.swing.JInternalFrame$JDesktopIcon.setUI(Ljavax/swing/plaf/DesktopIconUI;)V+2
j  javax.swing.JInternalFrame$JDesktopIcon.updateUI()V+21
j  javax.swing.JInternalFrame$JDesktopIcon.<init>(Ljavax/swing/JInternalFrame;)V+15
j  javax.swing.JInternalFrame.<init>(Ljava/lang/String;ZZZZ)V+101
j  javax.swing.JInternalFrame.<init>()V+7
j  org.hicham.View.RegisterView.<init>()V+1
j  org.hicham.Main.Main.showInterface()V+63
j  org.hicham.Main.Main$2.run()V+3
j  java.awt.event.InvocationEvent.dispatch()V+47
j  java.awt.EventQueue.dispatchEventImpl(Ljava/awt/AWTEvent;Ljava/lang/Object;)V+21
j  java.awt.EventQueue.access$500(Ljava/awt/EventQueue;Ljava/awt/AWTEvent;Ljava/lang/Object;)V+3
j  java.awt.EventQueue$3.run()Ljava/lang/Void;+32
j  java.awt.EventQueue$3.run()Ljava/lang/Object;+1
v  ~StubRoutines::call_stub
V  [jvm.dll+0x155c05]
V  [jvm.dll+0x21b0be]
V  [jvm.dll+0x155c9e]
V  [jvm.dll+0x106eaf]
C  [java.dll+0x102f]
j  java.security.ProtectionDomain$1.doIntersectionPrivilege(Ljava/security/PrivilegedAction;Ljava/security/AccessControlContext;Ljava/security/AccessControlContext;)Ljava/lang/Object;+28
j  java.awt.EventQueue.dispatchEvent(Ljava/awt/AWTEvent;)V+46
j  java.awt.EventDispatchThread.pumpOneEventForFilters(I)V+245
j  java.awt.EventDispatchThread.pumpEventsForFilter(ILjava/awt/Conditional;Ljava/awt/EventFilter;)V+35
j  java.awt.EventDispatchThread.pumpEventsForHierarchy(ILjava/awt/Conditional;Ljava/awt/Component;)V+11
j  java.awt.EventDispatchThread.pumpEvents(ILjava/awt/Conditional;)V+4
j  java.awt.EventDispatchThread.pumpEvents(Ljava/awt/Conditional;)V+3
j  java.awt.EventDispatchThread.run()V+9
v  ~StubRoutines::call_stub
V  [jvm.dll+0x155c05]
V  [jvm.dll+0x21b0be]
V  [jvm.dll+0x155c9e]
V  [jvm.dll+0x155e26]
V  [jvm.dll+0x155e97]
V  [jvm.dll+0xfafaf]
V  [jvm.dll+0x178f3c]
V  [jvm.dll+0x17902a]
V  [jvm.dll+0x1bd616]
C  [msvcr100.dll+0x5c556]
C  [msvcr100.dll+0x5c600]
C  [kernel32.dll+0x53c45]
C  [ntdll.dll+0x637eb]
C  [ntdll.dll+0x637be]
C  0x00000000

Java frames: (J=compiled Java code, j=interpreted, Vv=VM code)
j  sun.awt.windows.ThemeReader.getThemeMargins(JIII)Ljava/awt/Insets;+0
j  sun.awt.windows.ThemeReader.getThemeMargins(Ljava/lang/String;III)Ljava/awt/Insets;+18
j  com.sun.java.swing.plaf.windows.XPStyle.getMargin(Ljava/awt/Component;Lcom/sun/java/swing/plaf/windows/TMSchema$Part;Lcom/sun/java/swing/plaf/windows/TMSchema$State;Lcom/sun/java/swing/plaf/windows/TMSchema$Prop;)Ljava/awt/Insets;+19
j  com.sun.java.swing.plaf.windows.WindowsInternalFrameTitlePane$WindowsTitlePaneLayout.<init>(Lcom/sun/java/swing/plaf/windows/WindowsInternalFrameTitlePane;)V+49
j  com.sun.java.swing.plaf.windows.WindowsInternalFrameTitlePane.createLayout()Ljava/awt/LayoutManager;+5
j  javax.swing.plaf.basic.BasicInternalFrameTitlePane.installTitlePane()V+23
j  javax.swing.plaf.basic.BasicInternalFrameTitlePane.<init>(Ljavax/swing/JInternalFrame;)V+10
j  com.sun.java.swing.plaf.windows.WindowsInternalFrameTitlePane.<init>(Ljavax/swing/JInternalFrame;)V+2
j  com.sun.java.swing.plaf.windows.WindowsDesktopIconUI.installComponents()V+9
j  javax.swing.plaf.basic.BasicDesktopIconUI.installUI(Ljavax/swing/JComponent;)V+24
j  com.sun.java.swing.plaf.windows.WindowsDesktopIconUI.installUI(Ljavax/swing/JComponent;)V+2
j  javax.swing.JComponent.setUI(Ljavax/swing/plaf/ComponentUI;)V+39
j  javax.swing.JInternalFrame$JDesktopIcon.setUI(Ljavax/swing/plaf/DesktopIconUI;)V+2
j  javax.swing.JInternalFrame$JDesktopIcon.updateUI()V+21
j  javax.swing.JInternalFrame$JDesktopIcon.<init>(Ljavax/swing/JInternalFrame;)V+15
j  javax.swing.JInternalFrame.<init>(Ljava/lang/String;ZZZZ)V+101
j  javax.swing.JInternalFrame.<init>()V+7
j  org.hicham.View.RegisterView.<init>()V+1
j  org.hicham.Main.Main.showInterface()V+63
j  org.hicham.Main.Main$2.run()V+3
j  java.awt.event.InvocationEvent.dispatch()V+47
j  java.awt.EventQueue.dispatchEventImpl(Ljava/awt/AWTEvent;Ljava/lang/Object;)V+21
j  java.awt.EventQueue.access$500(Ljava/awt/EventQueue;Ljava/awt/AWTEvent;Ljava/lang/Object;)V+3
j  java.awt.EventQueue$3.run()Ljava/lang/Void;+32
j  java.awt.EventQueue$3.run()Ljava/lang/Object;+1
v  ~StubRoutines::call_stub
j  java.security.AccessController.doPrivileged(Ljava/security/PrivilegedAction;Ljava/security/AccessControlContext;)Ljava/lang/Object;+0
j  java.security.ProtectionDomain$1.doIntersectionPrivilege(Ljava/security/PrivilegedAction;Ljava/security/AccessControlContext;Ljava/security/AccessControlContext;)Ljava/lang/Object;+28
j  java.awt.EventQueue.dispatchEvent(Ljava/awt/AWTEvent;)V+46
j  java.awt.EventDispatchThread.pumpOneEventForFilters(I)V+245
j  java.awt.EventDispatchThread.pumpEventsForFilter(ILjava/awt/Conditional;Ljava/awt/EventFilter;)V+35
j  java.awt.EventDispatchThread.pumpEventsForHierarchy(ILjava/awt/Conditional;Ljava/awt/Component;)V+11
j  java.awt.EventDispatchThread.pumpEvents(ILjava/awt/Conditional;)V+4
j  java.awt.EventDispatchThread.pumpEvents(Ljava/awt/Conditional;)V+3
j  java.awt.EventDispatchThread.run()V+9
v  ~StubRoutines::call_stub

---------------  P R O C E S S  ---------------

Java Threads: ( => current thread )
  0x011cc800 JavaThread "DestroyJavaVM" [_thread_blocked, id=4792, stack(0x011f0000,0x01240000)]
=>0x15870400 JavaThread "AWT-EventQueue-0" [_thread_in_vm, id=4280, stack(0x149a0000,0x149f0000)]
  0x1586cc00 JavaThread "AWT-Windows" daemon [_thread_in_native, id=4156, stack(0x15490000,0x154e0000)]
  0x15868800 JavaThread "AWT-Shutdown" [_thread_blocked, id=6080, stack(0x147f0000,0x14840000)]
  0x1586c800 JavaThread "Java2D Disposer" daemon [_thread_blocked, id=528, stack(0x152d0000,0x15320000)]
  0x01a0fc00 JavaThread "Thread-0" [_thread_blocked, id=3744, stack(0x15320000,0x15370000)]
  0x019ddc00 JavaThread "Service Thread" daemon [_thread_blocked, id=5480, stack(0x14890000,0x148e0000)]
  0x0195f000 JavaThread "C1 CompilerThread0" daemon [_thread_blocked, id=404, stack(0x14f60000,0x14fb0000)]
  0x01959400 JavaThread "Attach Listener" daemon [_thread_blocked, id=4140, stack(0x03cf0000,0x03d40000)]
  0x01956400 JavaThread "Signal Dispatcher" daemon [_thread_blocked, id=4632, stack(0x148f0000,0x14940000)]
  0x01949c00 JavaThread "Finalizer" daemon [_thread_blocked, id=5828, stack(0x03d40000,0x03d90000)]
  0x01945000 JavaThread "Reference Handler" daemon [_thread_blocked, id=4276, stack(0x14940000,0x14990000)]

Other Threads:
  0x01943c00 VMThread [stack: 0x14840000,0x14890000] [id=3224]
  0x019e7000 WatcherThread [stack: 0x15010000,0x15060000] [id=4908]

VM state:synchronizing (normal execution)

VM Mutex/Monitor currently owned by a thread:  ([mutex/lock_event])
[0x011cac60] Threads_lock - owner thread: 0x01943c00
[0x011cb070] Heap_lock - owner thread: 0x01a0fc00

Heap:
 def new generation   total 4928K, used 4928K [0x03e00000, 0x04350000, 0x09350000)
  eden space 4416K, 100% used [0x03e00000, 0x04250000, 0x04250000)
  from space 512K, 100% used [0x042d0000, 0x04350000, 0x04350000)
  to   space 512K,   0% used [0x04250000, 0x04250000, 0x042d0000)
 tenured generation   total 10944K, used 1487K [0x09350000, 0x09e00000, 0x13e00000)
   the space 10944K,  13% used [0x09350000, 0x094c3fc0, 0x094c4000, 0x09e00000)
 Metaspace       used 2239K, capacity 3640K, committed 3648K, reserved 4480K

Card table byte_map: [0x01840000,0x018d0000] byte_map_base: 0x01821000

Polling page: 0x00120000

CodeCache: size=32768Kb used=991Kb max_used=991Kb free=31776Kb
 bounds [0x01ce0000, 0x01dd8000, 0x03ce0000]
 total_blobs=407 nmethods=213 adapters=126
 compilation: enabled

Compilation events (10 events):
Event: 0.665 Thread 0x0195f000  200  s!         sun.misc.URLClassPath::getLoader (197 bytes)
Event: 0.669 Thread 0x0195f000 nmethod 200 0x01dcf088 code [0x01dcf2e0, 0x01dd03cc]
Event: 0.669 Thread 0x0195f000  201             java.nio.ByteBufferAsShortBufferB::ix (9 bytes)
Event: 0.669 Thread 0x0195f000 nmethod 201 0x01dd1548 code [0x01dd1640, 0x01dd16c0]
Event: 0.673 Thread 0x0195f000  202             java.net.URL::getFile (5 bytes)
Event: 0.673 Thread 0x0195f000 nmethod 202 0x01dd1708 code [0x01dd1800, 0x01dd1880]
Event: 0.686 Thread 0x0195f000  203   !         sun.net.www.ParseUtil::decode (316 bytes)
Event: 0.690 Thread 0x0195f000 nmethod 203 0x01dd18c8 code [0x01dd1b80, 0x01dd28a0]
Event: 0.691 Thread 0x0195f000  204             java.lang.String::toUpperCase (439 bytes)
Event: 0.693 Thread 0x0195f000 nmethod 204 0x01dd3d08 code [0x01dd3f10, 0x01dd4710]

GC Heap History (10 events):
Event: 0.143 GC heap before
{Heap before GC invocations=0 (full 0):
 def new generation   total 4928K, used 4399K [0x03e00000, 0x04350000, 0x09350000)
  eden space 4416K,  99% used [0x03e00000, 0x0424be58, 0x04250000)
  from space 512K,   0% used [0x04250000, 0x04250000, 0x042d0000)
  to   space 512K,   0% used [0x042d0000, 0x042d0000, 0x04350000)
 tenured generation   total 10944K, used 0K [0x09350000, 0x09e00000, 0x13e00000)
   the space 10944K,   0% used [0x09350000, 0x09350000, 0x09350200, 0x09e00000)
 Metaspace       used 86K, capacity 2280K, committed 2368K, reserved 4480K
Event: 0.146 GC heap after
Heap after GC invocations=1 (full 0):
 def new generation   total 4928K, used 512K [0x03e00000, 0x04350000, 0x09350000)
  eden space 4416K,   0% used [0x03e00000, 0x03e00000, 0x04250000)
  from space 512K, 100% used [0x042d0000, 0x04350000, 0x04350000)
  to   space 512K,   0% used [0x04250000, 0x04250000, 0x042d0000)
 tenured generation   total 10944K, used 132K [0x09350000, 0x09e00000, 0x13e00000)
   the space 10944K,   1% used [0x09350000, 0x09371138, 0x09371200, 0x09e00000)
 Metaspace       used 86K, capacity 2280K, committed 2368K, reserved 4480K
}
Event: 0.152 GC heap before
{Heap before GC invocations=1 (full 0):
 def new generation   total 4928K, used 4902K [0x03e00000, 0x04350000, 0x09350000)
  eden space 4416K,  99% used [0x03e00000, 0x04249820, 0x04250000)
  from space 512K, 100% used [0x042d0000, 0x04350000, 0x04350000)
  to   space 512K,   0% used [0x04250000, 0x04250000, 0x042d0000)
 tenured generation   total 10944K, used 132K [0x09350000, 0x09e00000, 0x13e00000)
   the space 10944K,   1% used [0x09350000, 0x09371138, 0x09371200, 0x09e00000)
 Metaspace       used 88K, capacity 2280K, committed 2368K, reserved 4480K
Event: 0.154 GC heap after
Heap after GC invocations=2 (full 0):
 def new generation   total 4928K, used 42K [0x03e00000, 0x04350000, 0x09350000)
  eden space 4416K,   0% used [0x03e00000, 0x03e00000, 0x04250000)
  from space 512K,   8% used [0x04250000, 0x0425abb0, 0x042d0000)
  to   space 512K,   0% used [0x042d0000, 0x042d0000, 0x04350000)
 tenured generation   total 10944K, used 623K [0x09350000, 0x09e00000, 0x13e00000)
   the space 10944K,   5% used [0x09350000, 0x093ebee0, 0x093ec000, 0x09e00000)
 Metaspace       used 88K, capacity 2280K, committed 2368K, reserved 4480K
}
Event: 0.160 GC heap before
{Heap before GC invocations=2 (full 0):
 def new generation   total 4928K, used 4455K [0x03e00000, 0x04350000, 0x09350000)
  eden space 4416K,  99% used [0x03e00000, 0x0424f178, 0x04250000)
  from space 512K,   8% used [0x04250000, 0x0425abb0, 0x042d0000)
  to   space 512K,   0% used [0x042d0000, 0x042d0000, 0x04350000)
 tenured generation   total 10944K, used 623K [0x09350000, 0x09e00000, 0x13e00000)
   the space 10944K,   5% used [0x09350000, 0x093ebee0, 0x093ec000, 0x09e00000)
 Metaspace       used 89K, capacity 2280K, committed 2368K, reserved 4480K
Event: 0.161 GC heap after
Heap after GC invocations=3 (full 0):
 def new generation   total 4928K, used 57K [0x03e00000, 0x04350000, 0x09350000)
  eden space 4416K,   0% used [0x03e00000, 0x03e00000, 0x04250000)
  from space 512K,  11% used [0x042d0000, 0x042de640, 0x04350000)
  to   space 512K,   0% used [0x04250000, 0x04250000, 0x042d0000)
 tenured generation   total 10944K, used 623K [0x09350000, 0x09e00000, 0x13e00000)
   the space 10944K,   5% used [0x09350000, 0x093ebee0, 0x093ec000, 0x09e00000)
 Metaspace       used 89K, capacity 2280K, committed 2368K, reserved 4480K
}
Event: 0.251 GC heap before
{Heap before GC invocations=3 (full 0):
 def new generation   total 4928K, used 4473K [0x03e00000, 0x04350000, 0x09350000)
  eden space 4416K,  99% used [0x03e00000, 0x0424ff30, 0x04250000)
  from space 512K,  11% used [0x042d0000, 0x042de640, 0x04350000)
  to   space 512K,   0% used [0x04250000, 0x04250000, 0x042d0000)
 tenured generation   total 10944K, used 623K [0x09350000, 0x09e00000, 0x13e00000)
   the space 10944K,   5% used [0x09350000, 0x093ebee0, 0x093ec000, 0x09e00000)
 Metaspace       used 664K, capacity 2610K, committed 2624K, reserved 4480K
Event: 0.256 GC heap after
Heap after GC invocations=4 (full 0):
 def new generation   total 4928K, used 511K [0x03e00000, 0x04350000, 0x09350000)
  eden space 4416K,   0% used [0x03e00000, 0x03e00000, 0x04250000)
  from space 512K,  99% used [0x04250000, 0x042cfff8, 0x042d0000)
  to   space 512K,   0% used [0x042d0000, 0x042d0000, 0x04350000)
 tenured generation   total 10944K, used 750K [0x09350000, 0x09e00000, 0x13e00000)
   the space 10944K,   6% used [0x09350000, 0x0940b990, 0x0940ba00, 0x09e00000)
 Metaspace       used 664K, capacity 2610K, committed 2624K, reserved 4480K
}
Event: 0.542 GC heap before
{Heap before GC invocations=4 (full 0):
 def new generation   total 4928K, used 4927K [0x03e00000, 0x04350000, 0x09350000)
  eden space 4416K, 100% used [0x03e00000, 0x04250000, 0x04250000)
  from space 512K,  99% used [0x04250000, 0x042cfff8, 0x042d0000)
  to   space 512K,   0% used [0x042d0000, 0x042d0000, 0x04350000)
 tenured generation   total 10944K, used 750K [0x09350000, 0x09e00000, 0x13e00000)
   the space 10944K,   6% used [0x09350000, 0x0940b990, 0x0940ba00, 0x09e00000)
 Metaspace       used 1447K, capacity 3152K, committed 3264K, reserved 4480K
Event: 0.554 GC heap after
Heap after GC invocations=5 (full 0):
 def new generation   total 4928K, used 512K [0x03e00000, 0x04350000, 0x09350000)
  eden space 4416K,   0% used [0x03e00000, 0x03e00000, 0x04250000)
  from space 512K, 100% used [0x042d0000, 0x04350000, 0x04350000)
  to   space 512K,   0% used [0x04250000, 0x04250000, 0x042d0000)
 tenured generation   total 10944K, used 1487K [0x09350000, 0x09e00000, 0x13e00000)
   the space 10944K,  13% used [0x09350000, 0x094c3fc0, 0x094c4000, 0x09e00000)
 Metaspace       used 1447K, capacity 3152K, committed 3264K, reserved 4480K
}

Deoptimization events (0 events):
No events

Internal exceptions (10 events):
Event: 0.025 Thread 0x011cc800 Exception <a 'java/lang/NoSuchMethodError': Method sun.misc.Unsafe.defineClass(Ljava/lang/String;[BII)Ljava/lang/Class; name or signature does not match> (0x03e0cd68) thrown at [C:\re\workspace\8-2-build-windows-i586-cygwin\jdk8u40\3098\hotspot\src\share\vF¿¢ÿ$ö?
Event: 0.026 Thread 0x011cc800 Exception <a 'java/lang/NoSuchMethodError': Method sun.misc.Unsafe.prefetchRead(Ljava/lang/Object;J)V name or signature does not match> (0x03e0cfe8) thrown at [C:\re\workspace\8-2-build-windows-i586-cygwin\jdk8u40\3098\hotspot\src\share\vm\prims\jni.cpp, lŒ‘	êûª?
Event: 0.108 Thread 0x011cc800 Exception <a 'java/security/PrivilegedActionException'> (0x03ead358) thrown at [C:\re\workspace\8-2-build-windows-i586-cygwin\jdk8u40\3098\hotspot\src\share\vm\prims\jvm.cpp, line 1382]
Event: 0.108 Thread 0x011cc800 Exception <a 'java/security/PrivilegedActionException'> (0x03ead508) thrown at [C:\re\workspace\8-2-build-windows-i586-cygwin\jdk8u40\3098\hotspot\src\share\vm\prims\jvm.cpp, line 1382]
Event: 0.109 Thread 0x011cc800 Exception <a 'java/security/PrivilegedActionException'> (0x03eb0b88) thrown at [C:\re\workspace\8-2-build-windows-i586-cygwin\jdk8u40\3098\hotspot\src\share\vm\prims\jvm.cpp, line 1382]
Event: 0.109 Thread 0x011cc800 Exception <a 'java/security/PrivilegedActionException'> (0x03eb0d38) thrown at [C:\re\workspace\8-2-build-windows-i586-cygwin\jdk8u40\3098\hotspot\src\share\vm\prims\jvm.cpp, line 1382]
Event: 0.138 Thread 0x011cc800 Exception <a 'java/io/FileNotFoundException'> (0x03eb3600) thrown at [C:\re\workspace\8-2-build-windows-i586-cygwin\jdk8u40\3098\hotspot\src\share\vm\prims\jni.cpp, line 709]
Event: 0.325 Thread 0x011cc800 Exception <a 'java/lang/NoSuchFieldError': method resolution failed> (0x03f189c0) thrown at [C:\re\workspace\8-2-build-windows-i586-cygwin\jdk8u40\3098\hotspot\src\share\vm\prims\methodHandles.cpp, line 1125]
Event: 0.330 Thread 0x011cc800 Exception <a 'java/lang/NoSuchFieldError': method resolution failed> (0x03f3acd8) thrown at [C:\re\workspace\8-2-build-windows-i586-cygwin\jdk8u40\3098\hotspot\src\share\vm\prims\methodHandles.cpp, line 1125]
Event: 0.510 Thread 0x15870400 Exception <a 'java/io/FileNotFoundException'> (0x041a0bc0) thrown at [C:\re\workspace\8-2-build-windows-i586-cygwin\jdk8u40\3098\hotspot\src\share\vm\prims\jni.cpp, line 709]

Events (10 events):
Event: 0.693 loading class sun/util/resources/fr/CurrencyNames_fr_FR
Event: 0.693 loading class sun/util/resources/fr/CurrencyNames_fr_FR done
Event: 0.693 loading class java/util/regex/ASCII
Event: 0.694 loading class java/util/regex/ASCII done
Event: 0.694 loading class java/util/Formatter$FixedString
Event: 0.694 loading class java/util/Formatter$FormatString
Event: 0.694 loading class java/util/Formatter$FormatString done
Event: 0.694 loading class java/util/Formatter$FixedString done
Event: 0.694 loading class java/util/Formatter$FormatSpecifier
Event: 0.695 loading class java/util/Formatter$FormatSpecifier done


Dynamic libraries:
0x01240000 - 0x01273000 	C:\Program Files\Java\jre1.8.0_40\bin\javaw.exe
0x77550000 - 0x7768c000 	C:\Windows\SYSTEM32\ntdll.dll
0x76c90000 - 0x76d64000 	C:\Windows\system32\kernel32.dll
0x759a0000 - 0x759ea000 	C:\Windows\system32\KERNELBASE.dll
0x773a0000 - 0x77440000 	C:\Windows\system32\ADVAPI32.dll
0x776d0000 - 0x7777c000 	C:\Windows\system32\msvcrt.dll
0x776b0000 - 0x776c9000 	C:\Windows\SYSTEM32\sechost.dll
0x75e30000 - 0x75ed1000 	C:\Windows\system32\RPCRT4.dll
0x77090000 - 0x77159000 	C:\Windows\system32\USER32.dll
0x771f0000 - 0x7723e000 	C:\Windows\system32\GDI32.dll
0x75a70000 - 0x75a7a000 	C:\Windows\system32\LPK.dll
0x75ae0000 - 0x75b7d000 	C:\Windows\system32\USP10.dll
0x74680000 - 0x7481e000 	C:\Windows\WinSxS\x86_microsoft.windows.common-controls_6595b64144ccf1df_6.0.7601.17514_none_41e6975e2bd6f2b2\COMCTL32.dll
0x76d70000 - 0x76dc7000 	C:\Windows\system32\SHLWAPI.dll
0x75dd0000 - 0x75def000 	C:\Windows\system32\IMM32.DLL
0x77240000 - 0x7730c000 	C:\Windows\system32\MSCTF.dll
0x60e00000 - 0x60ebf000 	C:\Program Files\Java\jre1.8.0_40\bin\msvcr100.dll
0x5ac40000 - 0x5b000000 	C:\Program Files\Java\jre1.8.0_40\bin\client\jvm.dll
0x69e00000 - 0x69e07000 	C:\Windows\system32\WSOCK32.dll
0x75d90000 - 0x75dc5000 	C:\Windows\system32\WS2_32.dll
0x77690000 - 0x77696000 	C:\Windows\system32\NSI.dll
0x73990000 - 0x739c2000 	C:\Windows\system32\WINMM.dll
0x74a30000 - 0x74a39000 	C:\Windows\system32\VERSION.dll
0x776a0000 - 0x776a5000 	C:\Windows\system32\PSAPI.DLL
0x73000000 - 0x7300c000 	C:\Program Files\Java\jre1.8.0_40\bin\verify.dll
0x64fd0000 - 0x64ff1000 	C:\Program Files\Java\jre1.8.0_40\bin\java.dll
0x65160000 - 0x65173000 	C:\Program Files\Java\jre1.8.0_40\bin\zip.dll
0x75ee0000 - 0x76b2a000 	C:\Windows\system32\SHELL32.dll
0x76b30000 - 0x76c8c000 	C:\Windows\system32\ole32.dll
0x756f0000 - 0x756fb000 	C:\Windows\system32\profapi.dll
0x60c50000 - 0x60d95000 	C:\Program Files\Java\jre1.8.0_40\bin\awt.dll
0x77310000 - 0x7739f000 	C:\Windows\system32\OLEAUT32.dll
0x74450000 - 0x74490000 	C:\Windows\system32\uxtheme.dll
0x74120000 - 0x74133000 	C:\Windows\system32\dwmapi.dll
0x75670000 - 0x7567c000 	C:\Windows\system32\CRYPTBASE.dll
0x64a60000 - 0x64a99000 	C:\Program Files\Java\jre1.8.0_40\bin\fontmanager.dll
0x728b0000 - 0x728c5000 	C:\Program Files\Java\jre1.8.0_40\bin\net.dll
0x75130000 - 0x7516c000 	C:\Windows\system32\mswsock.dll
0x75120000 - 0x75126000 	C:\Windows\System32\wship6.dll
0x73940000 - 0x7394f000 	C:\Program Files\Java\jre1.8.0_40\bin\nio.dll
0x6a780000 - 0x6a86b000 	C:\Windows\system32\dbghelp.dll

VM Arguments:
jvm_args: -Dfile.encoding=UTF-8 
java_command: org.hicham.Main.Main
java_class_path (initial): C:\Users\Hicham\workspace\GestionDentaire\bin;C:\Users\Hicham\workspace\GestionDentaire\lib\swingx-core-1.6.2-AutoCompletition.jar;C:\Users\Hicham\workspace\GestionDentaire\lib\antlr-2.7.7.jar;C:\Users\Hicham\workspace\GestionDentaire\lib\dom4j-1.6.1.jar;C:\Users\Hicham\workspace\GestionDentaire\lib\hibernate-commons-annotations-4.0.5.Final.jar;C:\Users\Hicham\workspace\GestionDentaire\lib\hibernate-core-4.3.10.Final.jar;C:\Users\Hicham\workspace\GestionDentaire\lib\hibernate-entitymanager-4.3.10.Final.jar;C:\Users\Hicham\workspace\GestionDentaire\lib\hibernate-jpa-2.1-api-1.0.0.Final.jar;C:\Users\Hicham\workspace\GestionDentaire\lib\jandex-1.1.0.Final.jar;C:\Users\Hicham\workspace\GestionDentaire\lib\javassist-3.18.1-GA.jar;C:\Users\Hicham\workspace\GestionDentaire\lib\jboss-logging-3.1.3.GA.jar;C:\Users\Hicham\workspace\GestionDentaire\lib\jboss-logging-annotations-1.2.0.Beta1.jar;C:\Users\Hicham\workspace\GestionDentaire\lib\jboss-transaction-api_1.2_spec-1.0.0.Final.jar;C:\Users\Hicham\workspace\GestionDentaire\lib\postgresql-9.4.1211.jar;C:\Users\Hicham\workspace\GestionDentaire\lib\swingx-all-1.6.4.jar;C:\Users\Hicham\workspace\GestionDentaire\lib\jasperreports.jar
Launcher Type: SUN_STANDARD

Environment Variables:
JAVA_HOME=C:\Program Files\Java\jdk1.8.0_40
PATH=C:/Program Files/Java/jre1.8.0_40/bin/client;C:/Program Files/Java/jre1.8.0_40/bin;C:/Program Files/Java/jre1.8.0_40/lib/i386;C:\ProgramData\Oracle\Java\javapath;C:\Windows\system32;C:\Windows;C:\Windows\System32\Wbem;C:\Windows\System32\WindowsPowerShell\v1.0\;C:\Program Files\Git\cmd;C:\Program Files\Common Files\Seagate\SnapAPI\;C:\Program Files\Universal Extractor;C:\Program Files\Universal Extractor\bin;C:\Program Files\scala\bin;C:\Program Files\Microsoft SQL Server\120\Tools\Binn\;C:\Program Files\Microsoft SQL Server\Client SDK\ODBC\110\Tools\Binn\;C:\Program Files\Microsoft SQL Server\120\DTS\Binn\;C:\Program Files\Microsoft SQL Server\120\Tools\Binn\ManagementStudio\;C:\Program Files\Skype\Phone\;C:\Program Files\MySQL\MySQL Utilities 1.6\;;C:\Program Files\Java\jdk1.8.0_40\bin;C:\Ant\apache-ant-1.9.7\\bin;;C:\Users\Hicham\Desktop\eclipse;
USERNAME=Hicham
OS=Windows_NT
PROCESSOR_IDENTIFIER=x86 Family 6 Model 23 Stepping 10, GenuineIntel



---------------  S Y S T E M  ---------------

OS: Windows 7 Build 7601 (6.1.7601.17514)

CPU:total 2 (2 cores per cpu, 1 threads per core) family 6 model 23 stepping 10, cmov, cx8, fxsr, mmx, sse, sse2, sse3, ssse3, sse4.1, tsc

Memory: 4k page, physical 2097152k(440688k free), swap 4857576k(1980396k free)

vm_info: Java HotSpot(TM) Client VM (25.40-b25) for windows-x86 JRE (1.8.0_40-b26), built on Mar  7 2015 13:51:08 by "java_re" with MS VC++ 10.0 (VS2010)

time: Sun Jan 15 00:23:50 2017
elapsed time: 0 seconds (0d 0h 0m 0s)

